<?xml version="1.0" encoding="UTF-8"?>
<testsuite name="VirtualPetShelterTest" tests="1" skipped="0" failures="0" errors="0" timestamp="2020-12-12T01:04:19" hostname="DESKTOP-7CUAASU" time="0.002">
  <properties/>
  <testcase name="allFoodLevelsShouldIncrease" classname="VirtualPetShelterTest" time="0.002"/>
  <system-out><![CDATA[]]></system-out>
  <system-err><![CDATA[]]></system-err>
</testsuite>
